# Résultats pour AA = SCF (10 Å ≤ z ≤ 20 Å)
angle_type z_center theta_center count
theta1	11.834	91.826	24398
theta2	11.834	37.851	13525
# Résultats pour AA = SCY (10 Å ≤ z ≤ 20 Å)
angle_type z_center theta_center count
theta1	11.398	98.974	74278
theta2	11.398	23.384	73581
# Résultats pour AA = SCW (10 Å ≤ z ≤ 20 Å)
angle_type z_center theta_center count
theta1	12.009	88.241	58968
theta2	12.009	41.368	39240


# Atoms used to determine vectors:
# For SCF, SCY, SCYM:
#atom_pair = ('CG', 'CZ')
#ring_atoms = ['CG', 'CD1', 'CD2', 'CE1', 'CE2', 'CZ']
      
# For SCW:
#atom_pair = ('CZ3', 'CE2')
#ring_atoms = ['CD2', 'CZ2', 'CZ3', 'CD1', 'CE2', 'CH2', 'CE3']
      
# For SCHE, SCHD, SCHP:
#atom_pair = ('CG', 'CE1')
#ring_atoms = ['CE1', 'CD2', 'CG', 'ND1', 'NE2']
